<?xml version="1.0" encoding="UTF-8"?>
<!-- Generated by org.testng.reporters.JUnitReportReporter -->
<testsuite skipped="0" hostname="sandeep2106-01" name="testcases.VerifyMercuryLogin" tests="1" failures="0" timestamp="07 May 2019 10:36:02 GMT" time="8.767" errors="0">
  <testcase name="VerifyMercuryLogin" time="8.767" classname="testcases.VerifyMercuryLogin"/>
</testsuite> <!-- testcases.VerifyMercuryLogin -->
