<?xml version="1.0" encoding="UTF-8"?>
<!-- Generated by org.testng.reporters.JUnitReportReporter -->
<testsuite skipped="0" hostname="sandeep2106-01" name="testcases.VerifyMercuryLogout" tests="1" failures="0" timestamp="07 May 2019 07:12:39 GMT" time="24.681" errors="0">
  <testcase name="VerifyMercuryLogout" time="24.681" classname="testcases.VerifyMercuryLogout"/>
</testsuite> <!-- testcases.VerifyMercuryLogout -->
