<?xml version="1.0" encoding="UTF-8"?>
<!-- Generated by org.testng.reporters.JUnitReportReporter -->
<testsuite skipped="0" hostname="sandeep2106-01" name="testcases.Logout" tests="1" failures="0" timestamp="04 Apr 2019 01:12:58 GMT" time="11.149" errors="0">
  <testcase name="VerifyLogout" time="11.149" classname="testcases.Logout"/>
</testsuite> <!-- testcases.Logout -->
